<?xml version="1.0" encoding="UTF-8"?>
<testsuite xmlns:xsi="http://www.w3.org/2001/XMLSchema-instance" xsi:noNamespaceSchemaLocation="https://maven.apache.org/surefire/maven-surefire-plugin/xsd/surefire-test-report-3.0.xsd" version="3.0" name="com.example.observability.ObservabilityDemoApplicationTests" time="10.289" tests="2" errors="0" skipped="0" failures="0">
  <properties>
[...]
</properties>
  <testcase name="returnsStandardizedNotFoundError" classname="com.example.observability.ObservabilityDemoApplicationTests" time="2.744">
    <system-out><![CDATA[10:59:20.374 [main] INFO org.springframework.test.context.support.AnnotationConfigContextLoaderUtils -- Could not detect default configuration classes for test class [com.example.observability.ObservabilityDemoApplicationTests]: ObservabilityDemoApplicationTests does not declare any static, non-private, non-final, nested classes annotated with @Configuration.
10:59:20.819 [main] INFO org.springframework.boot.test.context.SpringBootTestContextBootstrapper -- Found @SpringBootConfiguration com.example.observability.ObservabilityDemoApplication for test class com.example.observability.ObservabilityDemoApplicationTests

  .   ____          _            __ _ _
 /\\ / ___'_ __ _ _(_)_ __  __ _ \ \ \ \
( ( )\___ | '_ | '_| | '_ \/ _` | \ \ \ \
 \\/  ___)| |_)| | | | | || (_| |  ) ) ) )
  '  |____| .__|_| |_|_| |_\__, | / / / /
 =========|_|==============|___/=/_/_/_/

 :: Spring Boot ::                (v3.3.5)

2026-09-10T10:59:22.212+05:30 level=INFO  correlationId=none logger=c.e.o.ObservabilityDemoApplicationTests message=Starting ObservabilityDemoApplicationTests using Java 25.0.1 with PID 21996 (started by DELL in C:\Users\DELL\OneDrive\Desktop\full stack-2\exp5\exp 2.1.2)
2026-09-10T10:59:22.230+05:30 level=INFO  correlationId=none logger=c.e.o.ObservabilityDemoApplicationTests message=No active profile set, falling back to 1 default profile: "default"
2026-09-10T10:59:27.203+05:30 level=INFO  correlationId=none logger=o.s.b.t.m.w.SpringBootMockServletContext message=Initializing Spring TestDispatcherServlet ''
2026-09-10T10:59:27.209+05:30 level=INFO  correlationId=none logger=o.s.t.w.s.TestDispatcherServlet message=Initializing Servlet ''
2026-09-10T10:59:27.213+05:30 level=INFO  correlationId=none logger=o.s.t.w.s.TestDispatcherServlet message=Completed initialization in 1 ms
2026-09-10T10:59:27.269+05:30 level=INFO  correlationId=none logger=c.e.o.ObservabilityDemoApplicationTests message=Started ObservabilityDemoApplicationTests in 5.871 seconds (process running for 9.032)
2026-09-10T10:59:29.543+05:30 level=INFO  correlationId=623b5c34-777e-4b06-8fda-76eeb41a9a8e logger=c.e.o.exception.CorrelationIdFilter message=event=request_started method=GET path=/api/products/99
2026-09-10T10:59:29.657+05:30 level=WARN  correlationId=623b5c34-777e-4b06-8fda-76eeb41a9a8e logger=c.e.o.e.GlobalExceptionHandler message=event=api_error status=404 path=/api/products/99 message=Product not found with id: 99
2026-09-10T10:59:29.844+05:30 level=INFO  correlationId=623b5c34-777e-4b06-8fda-76eeb41a9a8e logger=c.e.o.exception.CorrelationIdFilter message=event=request_completed method=GET path=/api/products/99 status=404 durationMs=304
]]></system-out>
    <system-err><![CDATA[WARNING: A Java agent has been loaded dynamically (C:\Users\DELL\.m2\repository\net\bytebuddy\byte-buddy-agent\1.14.19\byte-buddy-agent-1.14.19.jar)
WARNING: If a serviceability tool is in use, please run with -XX:+EnableDynamicAgentLoading to hide this warning
WARNING: If a serviceability tool is not in use, please run with -Djdk.instrument.traceUsage for more information
WARNING: Dynamic loading of agents will be disallowed by default in a future release
]]></system-err>
  </testcase>
  <testcase name="returnsProductAndCorrelationId" classname="com.example.observability.ObservabilityDemoApplicationTests" time="0.035">
    <system-out><![CDATA[2026-09-10T10:59:30.068+05:30 level=INFO  correlationId=test-trace logger=c.e.o.exception.CorrelationIdFilter message=event=request_started method=GET path=/api/products/1
2026-09-10T10:59:30.088+05:30 level=INFO  correlationId=test-trace logger=c.e.o.exception.CorrelationIdFilter message=event=request_completed method=GET path=/api/products/1 status=200 durationMs=20
]]></system-out>
  </testcase>
</testsuite>